<?xml version="1.0" encoding="UTF-8"?>
<!-- Generated by org.testng.reporters.JUnitReportReporter -->
<testsuite hostname="HUYNGUYEN-PC" name="com.heb.enterprise.automationtest.pricingrule.PricingRuleTest" tests="8" failures="0" timestamp="30 Oct 2015 08:42:47 GMT" time="126.860" errors="0">
  <testcase name="TC_Pricing_Rules_001_Test" time="10.858" classname="com.heb.enterprise.automationtest.pricingrule.PricingRuleTest"/>
  <testcase name="TC_Pricing_Rules_006_Test" time="16.969" classname="com.heb.enterprise.automationtest.pricingrule.PricingRuleTest"/>
  <testcase name="TC_Pricing_Rules_004_Test" time="16.030" classname="com.heb.enterprise.automationtest.pricingrule.PricingRuleTest"/>
  <testcase name="TC_Pricing_Rules_002_Test" time="15.949" classname="com.heb.enterprise.automationtest.pricingrule.PricingRuleTest"/>
  <testcase name="TC_Pricing_Rules_003_Test" time="17.688" classname="com.heb.enterprise.automationtest.pricingrule.PricingRuleTest"/>
  <testcase name="TC_Pricing_Rules_007_Test" time="16.989" classname="com.heb.enterprise.automationtest.pricingrule.PricingRuleTest"/>
  <testcase name="TC_Pricing_Rules_005_Test" time="16.165" classname="com.heb.enterprise.automationtest.pricingrule.PricingRuleTest"/>
  <testcase name="TC_Pricing_Rules_008_Test" time="16.212" classname="com.heb.enterprise.automationtest.pricingrule.PricingRuleTest"/>
</testsuite> <!-- com.heb.enterprise.automationtest.pricingrule.PricingRuleTest -->
