<?xml version="1.0" encoding="UTF-8"?>
<!-- Generated by org.testng.reporters.JUnitReportReporter -->
<testsuite hostname="HUYNGUYEN-PC" name="com.heb.enterprise.automationtest.dashboard.DashboardTest" tests="7" failures="0" timestamp="30 Oct 2015 08:42:47 GMT" time="21.095" errors="0">
  <testcase name="T001_LoadDashboardPage" time="0.267" classname="com.heb.enterprise.automationtest.dashboard.DashboardTest"/>
  <testcase name="T002_testProductOverview" time="0.114" classname="com.heb.enterprise.automationtest.dashboard.DashboardTest"/>
  <testcase name="T004_testProductSearch" time="0.113" classname="com.heb.enterprise.automationtest.dashboard.DashboardTest"/>
  <testcase name="T006_testSearchProduct" time="4.660" classname="com.heb.enterprise.automationtest.dashboard.DashboardTest"/>
  <testcase name="T005_testDataVendorCombobox" time="2.064" classname="com.heb.enterprise.automationtest.dashboard.DashboardTest"/>
  <testcase name="T003_testRetailCostReviewDefault" time="0.122" classname="com.heb.enterprise.automationtest.dashboard.DashboardTest"/>
  <testcase name="T008_testCommodityTrends" time="13.755" classname="com.heb.enterprise.automationtest.dashboard.DashboardTest"/>
</testsuite> <!-- com.heb.enterprise.automationtest.dashboard.DashboardTest -->
